[debug] [2020-04-21T12:52:15.964Z] ----------------------------------------------------------------------
[debug] [2020-04-21T12:52:15.967Z] Command:       C:\Program Files\nodejs\node.exe C:\Users\admin\AppData\Roaming\npm\node_modules\firebase-tools\lib\bin\firebase.js --interactive login
[debug] [2020-04-21T12:52:15.967Z] CLI Version:   8.1.1
[debug] [2020-04-21T12:52:15.967Z] Platform:      win32
[debug] [2020-04-21T12:52:15.967Z] Node Version:  v12.16.1
[debug] [2020-04-21T12:52:15.969Z] Time:          Tue Apr 21 2020 21:52:15 GMT+0900 (GMT+09:00)
[debug] [2020-04-21T12:52:15.969Z] ----------------------------------------------------------------------
[debug] [2020-04-21T12:52:15.970Z] 
[info] i  Firebase optionally collects CLI usage and error reporting information to help improve our products. Data is collected in accordance with Google's privacy policy (https://policies.google.com/privacy) and is not used to identify you.

[info] i  To change your data collection preference at any time, run `firebase logout` and log in again.
[info] 
[info] Visit this URL on this device to log in:
[info] https://accounts.google.com/o/oauth2/auth?client_id=563584335869-fgrhgmd47bqnekij5i8b5pr03ho849e6.apps.googleusercontent.com&scope=email%20openid%20https%3A%2F%2Fwww.googleapis.com%2Fauth%2Fcloudplatformprojects.readonly%20https%3A%2F%2Fwww.googleapis.com%2Fauth%2Ffirebase%20https%3A%2F%2Fwww.googleapis.com%2Fauth%2Fcloud-platform&response_type=code&state=1013623113&redirect_uri=http%3A%2F%2Flocalhost%3A9005
[info] 
[info] Waiting for authentication...
[debug] [2020-04-21T12:52:19.590Z] Error: spawn cmd ENOENT
    at Process.ChildProcess._handle.onexit (internal/child_process.js:267:19)
    at onErrorNT (internal/child_process.js:469:16)
    at processTicksAndRejections (internal/process/task_queues.js:84:21)
[error] 
[error] Error: An unexpected error has occurred.
